[debug] [2024-09-08T21:27:04.924Z] ----------------------------------------------------------------------
[debug] [2024-09-08T21:27:04.929Z] Command:       C:\Program Files\nodejs\node.exe C:\Users\Njato\AppData\Roaming\npm\node_modules\firebase-tools\lib\bin\firebase.js init
[debug] [2024-09-08T21:27:04.929Z] CLI Version:   13.16.0
[debug] [2024-09-08T21:27:04.930Z] Platform:      win32
[debug] [2024-09-08T21:27:04.930Z] Node Version:  v20.15.1
[debug] [2024-09-08T21:27:04.930Z] Time:          Sun Sep 08 2024 23:27:04 GMT+0200 (heure d’été d’Europe centrale)
[debug] [2024-09-08T21:27:04.930Z] ----------------------------------------------------------------------
[debug] 
[debug] [2024-09-08T21:27:04.941Z] > command requires scopes: ["email","openid","https://www.googleapis.com/auth/cloudplatformprojects.readonly","https://www.googleapis.com/auth/firebase","https://www.googleapis.com/auth/cloud-platform"]
[debug] [2024-09-08T21:27:04.942Z] > authorizing via signed-in user (fandresenar6@gmail.com)
[info] 
     ######## #### ########  ######## ########     ###     ######  ########
     ##        ##  ##     ## ##       ##     ##  ##   ##  ##       ##
     ######    ##  ########  ######   ########  #########  ######  ######
     ##        ##  ##    ##  ##       ##     ## ##     ##       ## ##
     ##       #### ##     ## ######## ########  ##     ##  ######  ########

You're about to initialize a Firebase project in this directory:

  C:\Users\Njato\Documents\Projets\AiLandClean\ailandclean

[info] 
=== Project Setup
[info] 
[info] First, let's associate this project directory with a Firebase project.
[info] You can create multiple project aliases by running firebase use --add, 
[info] but for now we'll just set up a default project.
[info] 
[debug] [2024-09-08T21:27:54.754Z] >>> [apiv2][query] GET https://firebase.googleapis.com/v1beta1/projects pageSize=100
[debug] [2024-09-08T21:27:55.712Z] <<< [apiv2][status] GET https://firebase.googleapis.com/v1beta1/projects 200
[debug] [2024-09-08T21:27:55.712Z] <<< [apiv2][body] GET https://firebase.googleapis.com/v1beta1/projects [omitted]
[info] i  Using project ailandclean-api (ailandclean-api) 
[info] 
=== Functions Setup
[debug] [2024-09-08T21:27:57.504Z] > command requires scopes: ["email","openid","https://www.googleapis.com/auth/cloudplatformprojects.readonly","https://www.googleapis.com/auth/firebase","https://www.googleapis.com/auth/cloud-platform"]
[debug] [2024-09-08T21:27:57.504Z] > authorizing via signed-in user (fandresenar6@gmail.com)
[debug] [2024-09-08T21:27:57.504Z] [iam] checking project ailandclean-api for permissions ["firebase.projects.get"]
[debug] [2024-09-08T21:27:57.506Z] >>> [apiv2][query] POST https://cloudresourcemanager.googleapis.com/v1/projects/ailandclean-api:testIamPermissions [none]
[debug] [2024-09-08T21:27:57.506Z] >>> [apiv2][(partial)header] POST https://cloudresourcemanager.googleapis.com/v1/projects/ailandclean-api:testIamPermissions x-goog-quota-user=projects/ailandclean-api
[debug] [2024-09-08T21:27:57.507Z] >>> [apiv2][body] POST https://cloudresourcemanager.googleapis.com/v1/projects/ailandclean-api:testIamPermissions {"permissions":["firebase.projects.get"]}
[debug] [2024-09-08T21:27:59.438Z] <<< [apiv2][status] POST https://cloudresourcemanager.googleapis.com/v1/projects/ailandclean-api:testIamPermissions 200
[debug] [2024-09-08T21:27:59.438Z] <<< [apiv2][body] POST https://cloudresourcemanager.googleapis.com/v1/projects/ailandclean-api:testIamPermissions {"permissions":["firebase.projects.get"]}
[debug] [2024-09-08T21:27:59.439Z] >>> [apiv2][query] GET https://serviceusage.googleapis.com/v1/projects/ailandclean-api/services/cloudfunctions.googleapis.com [none]
[debug] [2024-09-08T21:27:59.439Z] >>> [apiv2][(partial)header] GET https://serviceusage.googleapis.com/v1/projects/ailandclean-api/services/cloudfunctions.googleapis.com x-goog-quota-user=projects/ailandclean-api
[debug] [2024-09-08T21:27:59.441Z] >>> [apiv2][query] GET https://serviceusage.googleapis.com/v1/projects/ailandclean-api/services/runtimeconfig.googleapis.com [none]
[debug] [2024-09-08T21:27:59.441Z] >>> [apiv2][(partial)header] GET https://serviceusage.googleapis.com/v1/projects/ailandclean-api/services/runtimeconfig.googleapis.com x-goog-quota-user=projects/ailandclean-api
[debug] [2024-09-08T21:28:01.534Z] <<< [apiv2][status] GET https://serviceusage.googleapis.com/v1/projects/ailandclean-api/services/runtimeconfig.googleapis.com 200
[debug] [2024-09-08T21:28:01.534Z] <<< [apiv2][body] GET https://serviceusage.googleapis.com/v1/projects/ailandclean-api/services/runtimeconfig.googleapis.com [omitted]
[debug] [2024-09-08T21:28:01.550Z] <<< [apiv2][status] GET https://serviceusage.googleapis.com/v1/projects/ailandclean-api/services/cloudfunctions.googleapis.com 200
[debug] [2024-09-08T21:28:01.550Z] <<< [apiv2][body] GET https://serviceusage.googleapis.com/v1/projects/ailandclean-api/services/cloudfunctions.googleapis.com [omitted]
[debug] [2024-09-08T21:28:01.551Z] >>> [apiv2][query] POST https://serviceusage.googleapis.com/v1/projects/ailandclean-api/services/cloudfunctions.googleapis.com:enable [none]
[debug] [2024-09-08T21:28:01.551Z] >>> [apiv2][(partial)header] POST https://serviceusage.googleapis.com/v1/projects/ailandclean-api/services/cloudfunctions.googleapis.com:enable x-goog-quota-user=projects/ailandclean-api
[debug] [2024-09-08T21:28:03.450Z] <<< [apiv2][status] POST https://serviceusage.googleapis.com/v1/projects/ailandclean-api/services/cloudfunctions.googleapis.com:enable 200
[debug] [2024-09-08T21:28:03.450Z] <<< [apiv2][body] POST https://serviceusage.googleapis.com/v1/projects/ailandclean-api/services/cloudfunctions.googleapis.com:enable [omitted]
[debug] [2024-09-08T21:28:13.463Z] >>> [apiv2][query] GET https://serviceusage.googleapis.com/v1/projects/ailandclean-api/services/cloudfunctions.googleapis.com [none]
[debug] [2024-09-08T21:28:13.463Z] >>> [apiv2][(partial)header] GET https://serviceusage.googleapis.com/v1/projects/ailandclean-api/services/cloudfunctions.googleapis.com x-goog-quota-user=projects/ailandclean-api
[debug] [2024-09-08T21:28:15.354Z] <<< [apiv2][status] GET https://serviceusage.googleapis.com/v1/projects/ailandclean-api/services/cloudfunctions.googleapis.com 200
[debug] [2024-09-08T21:28:15.355Z] <<< [apiv2][body] GET https://serviceusage.googleapis.com/v1/projects/ailandclean-api/services/cloudfunctions.googleapis.com [omitted]
[info] Let's create a new codebase for your functions.
[info] A directory corresponding to the codebase will be created in your project
[info] with sample code pre-configured.

[info] See https://firebase.google.com/docs/functions/organize-functions for
[info] more information on organizing your functions using codebases.

[info] Functions can be deployed with firebase deploy.

